This file contains any messages produced by compilers while
running configure, to aid debugging if configure makes a mistake.

It was created by openocd configure 0.7.0, which was
generated by GNU Autoconf 2.69.  Invocation command line was

  $ ./configure --enable-jlink --enable-ft2232_libftdi

## --------- ##
## Platform. ##
## --------- ##

hostname = cthulhu
uname -m = x86_64
uname -r = 2.6.38-16-generic
uname -s = Linux
uname -v = #67-Ubuntu SMP Thu Sep 6 17:58:38 UTC 2012

/usr/bin/uname -p = unknown
/bin/uname -X     = unknown

/bin/arch              = unknown
/usr/bin/arch -k       = unknown
/usr/convex/getsysinfo = unknown
/usr/bin/hostinfo      = unknown
/bin/machine           = unknown
/usr/bin/oslevel       = unknown
/bin/universe          = unknown

PATH: /home/denis/bin
PATH: /usr/local/sbin
PATH: /usr/local/bin
PATH: /usr/sbin
PATH: /usr/bin
PATH: /sbin
PATH: /bin
PATH: /usr/games


## ----------- ##
## Core tests. ##
## ----------- ##

configure:2551: checking for a BSD-compatible install
configure:2619: result: /usr/bin/install -c
configure:2630: checking whether build environment is sane
configure:2685: result: yes
configure:2836: checking for a thread-safe mkdir -p
configure:2875: result: /bin/mkdir -p
configure:2882: checking for gawk
configure:2898: found /usr/bin/gawk
configure:2909: result: gawk
configure:2920: checking whether make sets $(MAKE)
configure:2942: result: yes
configure:2971: checking whether make supports nested variables
configure:2988: result: yes
configure:3068: checking whether to enable maintainer-specific portions of Makefiles
configure:3077: result: no
configure:3149: checking for gcc
configure:3165: found /usr/bin/gcc
configure:3176: result: gcc
configure:3405: checking for C compiler version
configure:3414: gcc --version >&5
gcc (Ubuntu/Linaro 4.5.2-8ubuntu4) 4.5.2
Copyright (C) 2010 Free Software Foundation, Inc.
This is free software; see the source for copying conditions.  There is NO
warranty; not even for MERCHANTABILITY or FITNESS FOR A PARTICULAR PURPOSE.

configure:3425: $? = 0
configure:3414: gcc -v >&5
Using built-in specs.
COLLECT_GCC=gcc
COLLECT_LTO_WRAPPER=/usr/lib/x86_64-linux-gnu/gcc/x86_64-linux-gnu/4.5.2/lto-wrapper
Target: x86_64-linux-gnu
Configured with: ../src/configure -v --with-pkgversion='Ubuntu/Linaro 4.5.2-8ubuntu4' --with-bugurl=file:///usr/share/doc/gcc-4.5/README.Bugs --enable-languages=c,c++,fortran,objc,obj-c++ --prefix=/usr --program-suffix=-4.5 --enable-shared --enable-multiarch --with-multiarch-defaults=x86_64-linux-gnu --enable-linker-build-id --with-system-zlib --libexecdir=/usr/lib/x86_64-linux-gnu --without-included-gettext --enable-threads=posix --with-gxx-include-dir=/usr/include/c++/4.5 --libdir=/usr/lib/x86_64-linux-gnu --enable-nls --with-sysroot=/ --enable-clocale=gnu --enable-libstdcxx-debug --enable-libstdcxx-time=yes --enable-plugin --enable-gold --enable-ld=default --with-plugin-ld=ld.gold --enable-objc-gc --disable-werror --with-arch-32=i686 --with-tune=generic --enable-checking=release --build=x86_64-linux-gnu --host=x86_64-linux-gnu --target=x86_64-linux-gnu
Thread model: posix
gcc version 4.5.2 (Ubuntu/Linaro 4.5.2-8ubuntu4) 
configure:3425: $? = 0
configure:3414: gcc -V >&5
gcc: '-V' option must have argument
configure:3425: $? = 1
configure:3414: gcc -qversion >&5
gcc: unrecognized option '-qversion'
gcc: no input files
configure:3425: $? = 1
configure:3445: checking whether the C compiler works
configure:3467: gcc    conftest.c  >&5
configure:3471: $? = 0
configure:3519: result: yes
configure:3522: checking for C compiler default output file name
configure:3524: result: a.out
configure:3530: checking for suffix of executables
configure:3537: gcc -o conftest    conftest.c  >&5
configure:3541: $? = 0
configure:3563: result: 
configure:3585: checking whether we are cross compiling
configure:3593: gcc -o conftest    conftest.c  >&5
configure:3597: $? = 0
configure:3604: ./conftest
configure:3608: $? = 0
configure:3623: result: no
configure:3628: checking for suffix of object files
configure:3650: gcc -c   conftest.c >&5
configure:3654: $? = 0
configure:3675: result: o
configure:3679: checking whether we are using the GNU C compiler
configure:3698: gcc -c   conftest.c >&5
configure:3698: $? = 0
configure:3707: result: yes
configure:3716: checking whether gcc accepts -g
configure:3736: gcc -c -g  conftest.c >&5
configure:3736: $? = 0
configure:3777: result: yes
configure:3794: checking for gcc option to accept ISO C89
configure:3857: gcc  -c -g -O2  conftest.c >&5
configure:3857: $? = 0
configure:3870: result: none needed
configure:3901: checking for style of include used by make
configure:3929: result: GNU
configure:3955: checking dependency style of gcc
configure:4066: result: gcc3
configure:4081: checking for gcc option to accept ISO C99
configure:4230: gcc  -c -g -O2  conftest.c >&5
conftest.c:61:29: error: expected ';', ',' or ')' before 'text'
conftest.c: In function 'main':
conftest.c:115:18: error: expected '=', ',', ';', 'asm' or '__attribute__' before 'newvar'
conftest.c:115:18: error: 'newvar' undeclared (first use in this function)
conftest.c:115:18: note: each undeclared identifier is reported only once for each function it appears in
conftest.c:125:3: error: 'for' loop initial declarations are only allowed in C99 mode
conftest.c:125:3: note: use option -std=c99 or -std=gnu99 to compile your code
configure:4230: $? = 1
configure: failed program was:
| /* confdefs.h */
| #define PACKAGE_NAME "openocd"
| #define PACKAGE_TARNAME "openocd"
| #define PACKAGE_VERSION "0.7.0"
| #define PACKAGE_STRING "openocd 0.7.0"
| #define PACKAGE_BUGREPORT "OpenOCD Mailing List <openocd-devel@lists.sourceforge.net>"
| #define PACKAGE_URL ""
| #define PACKAGE "openocd"
| #define VERSION "0.7.0"
| /* end confdefs.h.  */
| #include <stdarg.h>
| #include <stdbool.h>
| #include <stdlib.h>
| #include <wchar.h>
| #include <stdio.h>
| 
| // Check varargs macros.  These examples are taken from C99 6.10.3.5.
| #define debug(...) fprintf (stderr, __VA_ARGS__)
| #define showlist(...) puts (#__VA_ARGS__)
| #define report(test,...) ((test) ? puts (#test) : printf (__VA_ARGS__))
| static void
| test_varargs_macros (void)
| {
|   int x = 1234;
|   int y = 5678;
|   debug ("Flag");
|   debug ("X = %d\n", x);
|   showlist (The first, second, and third items.);
|   report (x>y, "x is %d but y is %d", x, y);
| }
| 
| // Check long long types.
| #define BIG64 18446744073709551615ull
| #define BIG32 4294967295ul
| #define BIG_OK (BIG64 / BIG32 == 4294967297ull && BIG64 % BIG32 == 0)
| #if !BIG_OK
|   your preprocessor is broken;
| #endif
| #if BIG_OK
| #else
|   your preprocessor is broken;
| #endif
| static long long int bignum = -9223372036854775807LL;
| static unsigned long long int ubignum = BIG64;
| 
| struct incomplete_array
| {
|   int datasize;
|   double data[];
| };
| 
| struct named_init {
|   int number;
|   const wchar_t *name;
|   double average;
| };
| 
| typedef const char *ccp;
| 
| static inline int
| test_restrict (ccp restrict text)
| {
|   // See if C++-style comments work.
|   // Iterate through items via the restricted pointer.
|   // Also check for declarations in for loops.
|   for (unsigned int i = 0; *(text+i) != '\0'; ++i)
|     continue;
|   return 0;
| }
| 
| // Check varargs and va_copy.
| static void
| test_varargs (const char *format, ...)
| {
|   va_list args;
|   va_start (args, format);
|   va_list args_copy;
|   va_copy (args_copy, args);
| 
|   const char *str;
|   int number;
|   float fnumber;
| 
|   while (*format)
|     {
|       switch (*format++)
| 	{
| 	case 's': // string
| 	  str = va_arg (args_copy, const char *);
| 	  break;
| 	case 'd': // int
| 	  number = va_arg (args_copy, int);
| 	  break;
| 	case 'f': // float
| 	  fnumber = va_arg (args_copy, double);
| 	  break;
| 	default:
| 	  break;
| 	}
|     }
|   va_end (args_copy);
|   va_end (args);
| }
| 
| int
| main ()
| {
| 
|   // Check bool.
|   _Bool success = false;
| 
|   // Check restrict.
|   if (test_restrict ("String literal") == 0)
|     success = true;
|   char *restrict newvar = "Another string";
| 
|   // Check varargs.
|   test_varargs ("s, d' f .", "string", 65, 34.234);
|   test_varargs_macros ();
| 
|   // Check flexible array members.
|   struct incomplete_array *ia =
|     malloc (sizeof (struct incomplete_array) + (sizeof (double) * 10));
|   ia->datasize = 10;
|   for (int i = 0; i < ia->datasize; ++i)
|     ia->data[i] = i * 1.234;
| 
|   // Check named initializers.
|   struct named_init ni = {
|     .number = 34,
|     .name = L"Test wide string",
|     .average = 543.34343,
|   };
| 
|   ni.number = 58;
| 
|   int dynamic_array[ni.number];
|   dynamic_array[ni.number - 1] = 543;
| 
|   // work around unused variable warnings
|   return (!success || bignum == 0LL || ubignum == 0uLL || newvar[0] == 'x'
| 	  || dynamic_array[ni.number - 1] != 543);
| 
|   ;
|   return 0;
| }
configure:4230: gcc -std=gnu99 -c -g -O2  conftest.c >&5
configure:4230: $? = 0
configure:4250: result: -std=gnu99
configure:4259: checking whether gcc -std=gnu99 and cc understand -c and -o together
configure:4290: gcc -std=gnu99 -c conftest.c -o conftest2.o >&5
configure:4294: $? = 0
configure:4300: gcc -std=gnu99 -c conftest.c -o conftest2.o >&5
configure:4304: $? = 0
configure:4315: cc -c conftest.c >&5
configure:4319: $? = 0
configure:4327: cc -c conftest.c -o conftest2.o >&5
configure:4331: $? = 0
configure:4337: cc -c conftest.c -o conftest2.o >&5
configure:4341: $? = 0
configure:4359: result: yes
configure:4427: checking for ranlib
configure:4443: found /usr/bin/ranlib
configure:4454: result: ranlib
configure:4540: checking build system type
configure:4554: result: x86_64-unknown-linux-gnu
configure:4574: checking host system type
configure:4587: result: x86_64-unknown-linux-gnu
configure:4628: checking how to print strings
configure:4655: result: printf
configure:4676: checking for a sed that does not truncate output
configure:4740: result: /bin/sed
configure:4758: checking for grep that handles long lines and -e
configure:4816: result: /bin/grep
configure:4821: checking for egrep
configure:4883: result: /bin/grep -E
configure:4888: checking for fgrep
configure:4950: result: /bin/grep -F
configure:4985: checking for ld used by gcc -std=gnu99
configure:5052: result: /usr/bin/ld
configure:5059: checking if the linker (/usr/bin/ld) is GNU ld
configure:5074: result: yes
configure:5086: checking for BSD- or MS-compatible name lister (nm)
configure:5135: result: /usr/bin/nm -B
configure:5265: checking the name lister (/usr/bin/nm -B) interface
configure:5272: gcc -std=gnu99 -c -g -O2  conftest.c >&5
configure:5275: /usr/bin/nm -B "conftest.o"
configure:5278: output
0000000000000000 B some_variable
configure:5285: result: BSD nm
configure:5288: checking whether ln -s works
configure:5292: result: yes
configure:5300: checking the maximum length of command line arguments
configure:5430: result: 1572864
configure:5447: checking whether the shell understands some XSI constructs
configure:5457: result: yes
configure:5461: checking whether the shell understands "+="
configure:5467: result: yes
configure:5502: checking how to convert x86_64-unknown-linux-gnu file names to x86_64-unknown-linux-gnu format
configure:5542: result: func_convert_file_noop
configure:5549: checking how to convert x86_64-unknown-linux-gnu file names to toolchain format
configure:5569: result: func_convert_file_noop
configure:5576: checking for /usr/bin/ld option to reload object files
configure:5583: result: -r
configure:5657: checking for objdump
configure:5673: found /usr/bin/objdump
configure:5684: result: objdump
configure:5716: checking how to recognize dependent libraries
configure:5918: result: pass_all
configure:6003: checking for dlltool
configure:6033: result: no
configure:6063: checking how to associate runtime and link libraries
configure:6090: result: printf %s\n
configure:6151: checking for ar
configure:6167: found /usr/bin/ar
configure:6178: result: ar
configure:6215: checking for archiver @FILE support
configure:6232: gcc -std=gnu99 -c -g -O2  conftest.c >&5
configure:6232: $? = 0
configure:6235: ar cru libconftest.a @conftest.lst >&5
configure:6238: $? = 0
configure:6243: ar cru libconftest.a @conftest.lst >&5
ar: conftest.o: No such file or directory
configure:6246: $? = 1
configure:6258: result: @
configure:6316: checking for strip
configure:6332: found /usr/bin/strip
configure:6343: result: strip
configure:6415: checking for ranlib
configure:6442: result: ranlib
configure:6544: checking command to parse /usr/bin/nm -B output from gcc -std=gnu99 object
configure:6664: gcc -std=gnu99 -c -g -O2  conftest.c >&5
configure:6667: $? = 0
configure:6671: /usr/bin/nm -B conftest.o \| sed -n -e 's/^.*[ ]\([ABCDGIRSTW][ABCDGIRSTW]*\)[ ][ ]*\([_A-Za-z][_A-Za-z0-9]*\)$/\1 \2 \2/p' | sed '/ __gnu_lto/d' \> conftest.nm
configure:6674: $? = 0
configure:6740: gcc -std=gnu99 -o conftest -g -O2   conftest.c conftstm.o >&5
configure:6743: $? = 0
configure:6781: result: ok
configure:6818: checking for sysroot
configure:6848: result: no
configure:6925: gcc -std=gnu99 -c -g -O2  conftest.c >&5
configure:6928: $? = 0
configure:7104: checking for mt
configure:7120: found /bin/mt
configure:7131: result: mt
configure:7154: checking if mt is a manifest tool
configure:7160: mt '-?'
configure:7168: result: no
configure:7810: checking how to run the C preprocessor
configure:7841: gcc -std=gnu99 -E  conftest.c
configure:7841: $? = 0
configure:7855: gcc -std=gnu99 -E  conftest.c
conftest.c:11:28: fatal error: ac_nonexistent.h: No such file or directory
compilation terminated.
configure:7855: $? = 1
configure: failed program was:
| /* confdefs.h */
| #define PACKAGE_NAME "openocd"
| #define PACKAGE_TARNAME "openocd"
| #define PACKAGE_VERSION "0.7.0"
| #define PACKAGE_STRING "openocd 0.7.0"
| #define PACKAGE_BUGREPORT "OpenOCD Mailing List <openocd-devel@lists.sourceforge.net>"
| #define PACKAGE_URL ""
| #define PACKAGE "openocd"
| #define VERSION "0.7.0"
| /* end confdefs.h.  */
| #include <ac_nonexistent.h>
configure:7880: result: gcc -std=gnu99 -E
configure:7900: gcc -std=gnu99 -E  conftest.c
configure:7900: $? = 0
configure:7914: gcc -std=gnu99 -E  conftest.c
conftest.c:11:28: fatal error: ac_nonexistent.h: No such file or directory
compilation terminated.
configure:7914: $? = 1
configure: failed program was:
| /* confdefs.h */
| #define PACKAGE_NAME "openocd"
| #define PACKAGE_TARNAME "openocd"
| #define PACKAGE_VERSION "0.7.0"
| #define PACKAGE_STRING "openocd 0.7.0"
| #define PACKAGE_BUGREPORT "OpenOCD Mailing List <openocd-devel@lists.sourceforge.net>"
| #define PACKAGE_URL ""
| #define PACKAGE "openocd"
| #define VERSION "0.7.0"
| /* end confdefs.h.  */
| #include <ac_nonexistent.h>
configure:7943: checking for ANSI C header files
configure:7963: gcc -std=gnu99 -c -g -O2  conftest.c >&5
configure:7963: $? = 0
configure:8036: gcc -std=gnu99 -o conftest -g -O2   conftest.c  >&5
configure:8036: $? = 0
configure:8036: ./conftest
configure:8036: $? = 0
configure:8047: result: yes
configure:8060: checking for sys/types.h
configure:8060: gcc -std=gnu99 -c -g -O2  conftest.c >&5
configure:8060: $? = 0
configure:8060: result: yes
configure:8060: checking for sys/stat.h
configure:8060: gcc -std=gnu99 -c -g -O2  conftest.c >&5
configure:8060: $? = 0
configure:8060: result: yes
configure:8060: checking for stdlib.h
configure:8060: gcc -std=gnu99 -c -g -O2  conftest.c >&5
configure:8060: $? = 0
configure:8060: result: yes
configure:8060: checking for string.h
configure:8060: gcc -std=gnu99 -c -g -O2  conftest.c >&5
configure:8060: $? = 0
configure:8060: result: yes
configure:8060: checking for memory.h
configure:8060: gcc -std=gnu99 -c -g -O2  conftest.c >&5
configure:8060: $? = 0
configure:8060: result: yes
configure:8060: checking for strings.h
configure:8060: gcc -std=gnu99 -c -g -O2  conftest.c >&5
configure:8060: $? = 0
configure:8060: result: yes
configure:8060: checking for inttypes.h
configure:8060: gcc -std=gnu99 -c -g -O2  conftest.c >&5
configure:8060: $? = 0
configure:8060: result: yes
configure:8060: checking for stdint.h
configure:8060: gcc -std=gnu99 -c -g -O2  conftest.c >&5
configure:8060: $? = 0
configure:8060: result: yes
configure:8060: checking for unistd.h
configure:8060: gcc -std=gnu99 -c -g -O2  conftest.c >&5
configure:8060: $? = 0
configure:8060: result: yes
configure:8074: checking for dlfcn.h
configure:8074: gcc -std=gnu99 -c -g -O2  conftest.c >&5
configure:8074: $? = 0
configure:8074: result: yes
configure:8250: checking for objdir
configure:8265: result: .libs
configure:8532: checking if gcc -std=gnu99 supports -fno-rtti -fno-exceptions
configure:8550: gcc -std=gnu99 -c -g -O2  -fno-rtti -fno-exceptions conftest.c >&5
cc1: warning: command line option "-fno-rtti" is valid for C++/ObjC++ but not for C
configure:8554: $? = 0
configure:8567: result: no
configure:8894: checking for gcc -std=gnu99 option to produce PIC
configure:8901: result: -fPIC -DPIC
configure:8909: checking if gcc -std=gnu99 PIC flag -fPIC -DPIC works
configure:8927: gcc -std=gnu99 -c -g -O2  -fPIC -DPIC -DPIC conftest.c >&5
configure:8931: $? = 0
configure:8944: result: yes
configure:8973: checking if gcc -std=gnu99 static flag -static works
configure:9001: result: yes
configure:9016: checking if gcc -std=gnu99 supports -c -o file.o
configure:9037: gcc -std=gnu99 -c -g -O2  -o out/conftest2.o conftest.c >&5
configure:9041: $? = 0
configure:9063: result: yes
configure:9071: checking if gcc -std=gnu99 supports -c -o file.o
configure:9118: result: yes
configure:9151: checking whether the gcc -std=gnu99 linker (/usr/bin/ld -m elf_x86_64) supports shared libraries
configure:10304: result: yes
configure:10544: checking dynamic linker characteristics
configure:11055: gcc -std=gnu99 -o conftest -g -O2   -Wl,-rpath -Wl,/foo conftest.c  >&5
configure:11055: $? = 0
configure:11277: result: GNU/Linux ld.so
configure:11384: checking how to hardcode library paths into programs
configure:11409: result: immediate
configure:11949: checking whether stripping libraries is possible
configure:11954: result: yes
configure:11989: checking if libtool supports shared libraries
configure:11991: result: yes
configure:11994: checking whether to build shared libraries
configure:12015: result: no
configure:12018: checking whether to build static libraries
configure:12022: result: yes
configure:12061: checking for an ANSI C-conforming const
configure:12127: gcc -std=gnu99 -c -g -O2  conftest.c >&5
configure:12127: $? = 0
configure:12134: result: yes
configure:12143: checking for unsigned long long int
configure:12191: result: yes
configure:12201: checking for long long int
configure:12251: result: yes
configure:12260: checking for library containing ioperm
configure:12291: gcc -std=gnu99 -o conftest -g -O2   conftest.c  >&5
configure:12291: $? = 0
configure:12308: result: none required
configure:12316: checking for library containing dlopen
configure:12347: gcc -std=gnu99 -o conftest -g -O2   conftest.c  >&5
/tmp/ccKcJaXD.o: In function `main':
/home/denis/Projects/regiboard/src/utils/openocd-0.7.0/conftest.c:36: undefined reference to `dlopen'
collect2: ld returned 1 exit status
configure:12347: $? = 1
configure: failed program was:
| /* confdefs.h */
| #define PACKAGE_NAME "openocd"
| #define PACKAGE_TARNAME "openocd"
| #define PACKAGE_VERSION "0.7.0"
| #define PACKAGE_STRING "openocd 0.7.0"
| #define PACKAGE_BUGREPORT "OpenOCD Mailing List <openocd-devel@lists.sourceforge.net>"
| #define PACKAGE_URL ""
| #define PACKAGE "openocd"
| #define VERSION "0.7.0"
| #define STDC_HEADERS 1
| #define HAVE_SYS_TYPES_H 1
| #define HAVE_SYS_STAT_H 1
| #define HAVE_STDLIB_H 1
| #define HAVE_STRING_H 1
| #define HAVE_MEMORY_H 1
| #define HAVE_STRINGS_H 1
| #define HAVE_INTTYPES_H 1
| #define HAVE_STDINT_H 1
| #define HAVE_UNISTD_H 1
| #define HAVE_DLFCN_H 1
| #define LT_OBJDIR ".libs/"
| #define HAVE_UNSIGNED_LONG_LONG_INT 1
| #define HAVE_LONG_LONG_INT 1
| /* end confdefs.h.  */
| 
| /* Override any GCC internal prototype to avoid an error.
|    Use char because int might match the return type of a GCC
|    builtin and then its argument prototype would still apply.  */
| #ifdef __cplusplus
| extern "C"
| #endif
| char dlopen ();
| int
| main ()
| {
| return dlopen ();
|   ;
|   return 0;
| }
configure:12347: gcc -std=gnu99 -o conftest -g -O2   conftest.c -ldl   >&5
configure:12347: $? = 0
configure:12364: result: -ldl
configure:12375: checking sys/socket.h usability
configure:12375: gcc -std=gnu99 -c -g -O2  conftest.c >&5
configure:12375: $? = 0
configure:12375: result: yes
configure:12375: checking sys/socket.h presence
configure:12375: gcc -std=gnu99 -E  conftest.c
configure:12375: $? = 0
configure:12375: result: yes
configure:12375: checking for sys/socket.h
configure:12375: result: yes
configure:12387: checking for arpa/inet.h
configure:12387: gcc -std=gnu99 -c -g -O2  conftest.c >&5
configure:12387: $? = 0
configure:12387: result: yes
configure:12412: checking elf.h usability
configure:12412: gcc -std=gnu99 -c -g -O2  conftest.c >&5
configure:12412: $? = 0
configure:12412: result: yes
configure:12412: checking elf.h presence
configure:12412: gcc -std=gnu99 -E  conftest.c
configure:12412: $? = 0
configure:12412: result: yes
configure:12412: checking for elf.h
configure:12412: result: yes
configure:12424: checking dirent.h usability
configure:12424: gcc -std=gnu99 -c -g -O2  conftest.c >&5
configure:12424: $? = 0
configure:12424: result: yes
configure:12424: checking dirent.h presence
configure:12424: gcc -std=gnu99 -E  conftest.c
configure:12424: $? = 0
configure:12424: result: yes
configure:12424: checking for dirent.h
configure:12424: result: yes
configure:12436: checking fcntl.h usability
configure:12436: gcc -std=gnu99 -c -g -O2  conftest.c >&5
configure:12436: $? = 0
configure:12436: result: yes
configure:12436: checking fcntl.h presence
configure:12436: gcc -std=gnu99 -E  conftest.c
configure:12436: $? = 0
configure:12436: result: yes
configure:12436: checking for fcntl.h
configure:12436: result: yes
configure:12448: checking for ifaddrs.h
configure:12448: gcc -std=gnu99 -c -g -O2  conftest.c >&5
configure:12448: $? = 0
configure:12448: result: yes
configure:12473: checking malloc.h usability
configure:12473: gcc -std=gnu99 -c -g -O2  conftest.c >&5
configure:12473: $? = 0
configure:12473: result: yes
configure:12473: checking malloc.h presence
configure:12473: gcc -std=gnu99 -E  conftest.c
configure:12473: $? = 0
configure:12473: result: yes
configure:12473: checking for malloc.h
configure:12473: result: yes
configure:12485: checking netdb.h usability
configure:12485: gcc -std=gnu99 -c -g -O2  conftest.c >&5
configure:12485: $? = 0
configure:12485: result: yes
configure:12485: checking netdb.h presence
configure:12485: gcc -std=gnu99 -E  conftest.c
configure:12485: $? = 0
configure:12485: result: yes
configure:12485: checking for netdb.h
configure:12485: result: yes
configure:12497: checking for netinet/in.h
configure:12497: gcc -std=gnu99 -c -g -O2  conftest.c >&5
configure:12497: $? = 0
configure:12497: result: yes
configure:12522: checking for netinet/tcp.h
configure:12522: gcc -std=gnu99 -c -g -O2  conftest.c >&5
configure:12522: $? = 0
configure:12522: result: yes
configure:12547: checking pthread.h usability
configure:12547: gcc -std=gnu99 -c -g -O2  conftest.c >&5
configure:12547: $? = 0
configure:12547: result: yes
configure:12547: checking pthread.h presence
configure:12547: gcc -std=gnu99 -E  conftest.c
configure:12547: $? = 0
configure:12547: result: yes
configure:12547: checking for pthread.h
configure:12547: result: yes
configure:12559: checking for strings.h
configure:12559: result: yes
configure:12571: checking sys/ioctl.h usability
configure:12571: gcc -std=gnu99 -c -g -O2  conftest.c >&5
configure:12571: $? = 0
configure:12571: result: yes
configure:12571: checking sys/ioctl.h presence
configure:12571: gcc -std=gnu99 -E  conftest.c
configure:12571: $? = 0
configure:12571: result: yes
configure:12571: checking for sys/ioctl.h
configure:12571: result: yes
configure:12583: checking sys/param.h usability
configure:12583: gcc -std=gnu99 -c -g -O2  conftest.c >&5
configure:12583: $? = 0
configure:12583: result: yes
configure:12583: checking sys/param.h presence
configure:12583: gcc -std=gnu99 -E  conftest.c
configure:12583: $? = 0
configure:12583: result: yes
configure:12583: checking for sys/param.h
configure:12583: result: yes
configure:12595: checking sys/poll.h usability
configure:12595: gcc -std=gnu99 -c -g -O2  conftest.c >&5
configure:12595: $? = 0
configure:12595: result: yes
configure:12595: checking sys/poll.h presence
configure:12595: gcc -std=gnu99 -E  conftest.c
configure:12595: $? = 0
configure:12595: result: yes
configure:12595: checking for sys/poll.h
configure:12595: result: yes
configure:12607: checking sys/select.h usability
configure:12607: gcc -std=gnu99 -c -g -O2  conftest.c >&5
configure:12607: $? = 0
configure:12607: result: yes
configure:12607: checking sys/select.h presence
configure:12607: gcc -std=gnu99 -E  conftest.c
configure:12607: $? = 0
configure:12607: result: yes
configure:12607: checking for sys/select.h
configure:12607: result: yes
configure:12619: checking for sys/stat.h
configure:12619: result: yes
configure:12631: checking sys/time.h usability
configure:12631: gcc -std=gnu99 -c -g -O2  conftest.c >&5
configure:12631: $? = 0
configure:12631: result: yes
configure:12631: checking sys/time.h presence
configure:12631: gcc -std=gnu99 -E  conftest.c
configure:12631: $? = 0
configure:12631: result: yes
configure:12631: checking for sys/time.h
configure:12631: result: yes
configure:12643: checking for sys/types.h
configure:12643: result: yes
configure:12655: checking for unistd.h
configure:12655: result: yes
configure:12667: checking for net/if.h
configure:12667: gcc -std=gnu99 -c -g -O2  conftest.c >&5
configure:12667: $? = 0
configure:12667: result: yes
configure:12692: checking whether to enable assertions
configure:12710: result: yes
configure:12713: checking for stdbool.h that conforms to C99
configure:12780: gcc -std=gnu99 -c -g -O2  conftest.c >&5
configure:12780: $? = 0
configure:12787: result: yes
configure:12789: checking for _Bool
configure:12789: gcc -std=gnu99 -c -g -O2  conftest.c >&5
configure:12789: $? = 0
configure:12789: gcc -std=gnu99 -c -g -O2  conftest.c >&5
conftest.c: In function 'main':
conftest.c:82:20: error: expected expression before ')' token
configure:12789: $? = 1
configure: failed program was:
| /* confdefs.h */
| #define PACKAGE_NAME "openocd"
| #define PACKAGE_TARNAME "openocd"
| #define PACKAGE_VERSION "0.7.0"
| #define PACKAGE_STRING "openocd 0.7.0"
| #define PACKAGE_BUGREPORT "OpenOCD Mailing List <openocd-devel@lists.sourceforge.net>"
| #define PACKAGE_URL ""
| #define PACKAGE "openocd"
| #define VERSION "0.7.0"
| #define STDC_HEADERS 1
| #define HAVE_SYS_TYPES_H 1
| #define HAVE_SYS_STAT_H 1
| #define HAVE_STDLIB_H 1
| #define HAVE_STRING_H 1
| #define HAVE_MEMORY_H 1
| #define HAVE_STRINGS_H 1
| #define HAVE_INTTYPES_H 1
| #define HAVE_STDINT_H 1
| #define HAVE_UNISTD_H 1
| #define HAVE_DLFCN_H 1
| #define LT_OBJDIR ".libs/"
| #define HAVE_UNSIGNED_LONG_LONG_INT 1
| #define HAVE_LONG_LONG_INT 1
| #define HAVE_SYS_SOCKET_H 1
| #define HAVE_ARPA_INET_H 1
| #define HAVE_ELF_H 1
| #define HAVE_DIRENT_H 1
| #define HAVE_FCNTL_H 1
| #define HAVE_IFADDRS_H 1
| #define HAVE_MALLOC_H 1
| #define HAVE_NETDB_H 1
| #define HAVE_NETINET_IN_H 1
| #define HAVE_NETINET_TCP_H 1
| #define HAVE_PTHREAD_H 1
| #define HAVE_STRINGS_H 1
| #define HAVE_SYS_IOCTL_H 1
| #define HAVE_SYS_PARAM_H 1
| #define HAVE_SYS_POLL_H 1
| #define HAVE_SYS_SELECT_H 1
| #define HAVE_SYS_STAT_H 1
| #define HAVE_SYS_TIME_H 1
| #define HAVE_SYS_TYPES_H 1
| #define HAVE_UNISTD_H 1
| #define HAVE_NET_IF_H 1
| /* end confdefs.h.  */
| #include <stdio.h>
| #ifdef HAVE_SYS_TYPES_H
| # include <sys/types.h>
| #endif
| #ifdef HAVE_SYS_STAT_H
| # include <sys/stat.h>
| #endif
| #ifdef STDC_HEADERS
| # include <stdlib.h>
| # include <stddef.h>
| #else
| # ifdef HAVE_STDLIB_H
| #  include <stdlib.h>
| # endif
| #endif
| #ifdef HAVE_STRING_H
| # if !defined STDC_HEADERS && defined HAVE_MEMORY_H
| #  include <memory.h>
| # endif
| # include <string.h>
| #endif
| #ifdef HAVE_STRINGS_H
| # include <strings.h>
| #endif
| #ifdef HAVE_INTTYPES_H
| # include <inttypes.h>
| #endif
| #ifdef HAVE_STDINT_H
| # include <stdint.h>
| #endif
| #ifdef HAVE_UNISTD_H
| # include <unistd.h>
| #endif
| int
| main ()
| {
| if (sizeof ((_Bool)))
| 	    return 0;
|   ;
|   return 0;
| }
configure:12789: result: yes
configure:12806: checking whether time.h and sys/time.h may both be included
configure:12826: gcc -std=gnu99 -c -g -O2  conftest.c >&5
configure:12826: $? = 0
configure:12833: result: yes
configure:12842: checking whether byte ordering is bigendian
configure:12857: gcc -std=gnu99 -c -g -O2  conftest.c >&5
conftest.c:50:13: error: expected '=', ',', ';', 'asm' or '__attribute__' before 'a'
configure:12857: $? = 1
configure: failed program was:
| /* confdefs.h */
| #define PACKAGE_NAME "openocd"
| #define PACKAGE_TARNAME "openocd"
| #define PACKAGE_VERSION "0.7.0"
| #define PACKAGE_STRING "openocd 0.7.0"
| #define PACKAGE_BUGREPORT "OpenOCD Mailing List <openocd-devel@lists.sourceforge.net>"
| #define PACKAGE_URL ""
| #define PACKAGE "openocd"
| #define VERSION "0.7.0"
| #define STDC_HEADERS 1
| #define HAVE_SYS_TYPES_H 1
| #define HAVE_SYS_STAT_H 1
| #define HAVE_STDLIB_H 1
| #define HAVE_STRING_H 1
| #define HAVE_MEMORY_H 1
| #define HAVE_STRINGS_H 1
| #define HAVE_INTTYPES_H 1
| #define HAVE_STDINT_H 1
| #define HAVE_UNISTD_H 1
| #define HAVE_DLFCN_H 1
| #define LT_OBJDIR ".libs/"
| #define HAVE_UNSIGNED_LONG_LONG_INT 1
| #define HAVE_LONG_LONG_INT 1
| #define HAVE_SYS_SOCKET_H 1
| #define HAVE_ARPA_INET_H 1
| #define HAVE_ELF_H 1
| #define HAVE_DIRENT_H 1
| #define HAVE_FCNTL_H 1
| #define HAVE_IFADDRS_H 1
| #define HAVE_MALLOC_H 1
| #define HAVE_NETDB_H 1
| #define HAVE_NETINET_IN_H 1
| #define HAVE_NETINET_TCP_H 1
| #define HAVE_PTHREAD_H 1
| #define HAVE_STRINGS_H 1
| #define HAVE_SYS_IOCTL_H 1
| #define HAVE_SYS_PARAM_H 1
| #define HAVE_SYS_POLL_H 1
| #define HAVE_SYS_SELECT_H 1
| #define HAVE_SYS_STAT_H 1
| #define HAVE_SYS_TIME_H 1
| #define HAVE_SYS_TYPES_H 1
| #define HAVE_UNISTD_H 1
| #define HAVE_NET_IF_H 1
| #define HAVE__BOOL 1
| #define HAVE_STDBOOL_H 1
| #define TIME_WITH_SYS_TIME 1
| /* end confdefs.h.  */
| #ifndef __APPLE_CC__
| 	       not a universal capable compiler
| 	     #endif
| 	     typedef int dummy;
| 
configure:12902: gcc -std=gnu99 -c -g -O2  conftest.c >&5
configure:12902: $? = 0
configure:12920: gcc -std=gnu99 -c -g -O2  conftest.c >&5
conftest.c: In function 'main':
conftest.c:56:4: error: 'not' undeclared (first use in this function)
conftest.c:56:4: note: each undeclared identifier is reported only once for each function it appears in
conftest.c:56:8: error: expected ';' before 'big'
configure:12920: $? = 1
configure: failed program was:
| /* confdefs.h */
| #define PACKAGE_NAME "openocd"
| #define PACKAGE_TARNAME "openocd"
| #define PACKAGE_VERSION "0.7.0"
| #define PACKAGE_STRING "openocd 0.7.0"
| #define PACKAGE_BUGREPORT "OpenOCD Mailing List <openocd-devel@lists.sourceforge.net>"
| #define PACKAGE_URL ""
| #define PACKAGE "openocd"
| #define VERSION "0.7.0"
| #define STDC_HEADERS 1
| #define HAVE_SYS_TYPES_H 1
| #define HAVE_SYS_STAT_H 1
| #define HAVE_STDLIB_H 1
| #define HAVE_STRING_H 1
| #define HAVE_MEMORY_H 1
| #define HAVE_STRINGS_H 1
| #define HAVE_INTTYPES_H 1
| #define HAVE_STDINT_H 1
| #define HAVE_UNISTD_H 1
| #define HAVE_DLFCN_H 1
| #define LT_OBJDIR ".libs/"
| #define HAVE_UNSIGNED_LONG_LONG_INT 1
| #define HAVE_LONG_LONG_INT 1
| #define HAVE_SYS_SOCKET_H 1
| #define HAVE_ARPA_INET_H 1
| #define HAVE_ELF_H 1
| #define HAVE_DIRENT_H 1
| #define HAVE_FCNTL_H 1
| #define HAVE_IFADDRS_H 1
| #define HAVE_MALLOC_H 1
| #define HAVE_NETDB_H 1
| #define HAVE_NETINET_IN_H 1
| #define HAVE_NETINET_TCP_H 1
| #define HAVE_PTHREAD_H 1
| #define HAVE_STRINGS_H 1
| #define HAVE_SYS_IOCTL_H 1
| #define HAVE_SYS_PARAM_H 1
| #define HAVE_SYS_POLL_H 1
| #define HAVE_SYS_SELECT_H 1
| #define HAVE_SYS_STAT_H 1
| #define HAVE_SYS_TIME_H 1
| #define HAVE_SYS_TYPES_H 1
| #define HAVE_UNISTD_H 1
| #define HAVE_NET_IF_H 1
| #define HAVE__BOOL 1
| #define HAVE_STDBOOL_H 1
| #define TIME_WITH_SYS_TIME 1
| /* end confdefs.h.  */
| #include <sys/types.h>
| 		#include <sys/param.h>
| 
| int
| main ()
| {
| #if BYTE_ORDER != BIG_ENDIAN
| 		 not big endian
| 		#endif
| 
|   ;
|   return 0;
| }
configure:13048: result: no
configure:13069: checking for strndup
configure:13069: gcc -std=gnu99 -o conftest -g -O2   conftest.c -ldl  >&5
conftest.c:72:6: warning: conflicting types for built-in function 'strndup'
configure:13069: $? = 0
configure:13069: result: yes
configure:13080: checking for strnlen
configure:13080: gcc -std=gnu99 -o conftest -g -O2   conftest.c -ldl  >&5
configure:13080: $? = 0
configure:13080: result: yes
configure:13091: checking for gettimeofday
configure:13091: gcc -std=gnu99 -o conftest -g -O2   conftest.c -ldl  >&5
configure:13091: $? = 0
configure:13091: result: yes
configure:13102: checking for usleep
configure:13102: gcc -std=gnu99 -o conftest -g -O2   conftest.c -ldl  >&5
configure:13102: $? = 0
configure:13102: result: yes
configure:13113: checking for vasprintf
configure:13113: gcc -std=gnu99 -o conftest -g -O2   conftest.c -ldl  >&5
configure:13113: $? = 0
configure:13113: result: yes
configure:13131: checking whether to build a release
configure:13138: result: yes
configure:13291: checking whether to build Doxygen as HTML
configure:13293: result: yes
configure:13304: checking whether to build Doxygen as PDF
configure:13306: result: no
configure:13366: checking whether to enable verbose JTAG I/O messages
configure:13368: result: no
configure:13376: checking whether to enable verbose USB I/O messages
configure:13378: result: no
configure:13386: checking whether to enable verbose USB communication messages
configure:13388: result: no
configure:13403: checking whether to enable malloc free space logging
configure:13405: result: no
configure:13695: checking whether to enable ZY1000 minidriver
configure:13706: result: no
configure:13717: checking whether to enable dummy minidriver
configure:13731: result: no
configure:13734: checking whether standard drivers can be built
configure:13743: result: yes
configure:14598: checking Build & Link with libftdi...
configure:14637: gcc -std=gnu99 -o conftest -g -O2   conftest.c -ldl  -lftdi -lusb >&5
configure:14637: $? = 0
configure:14637: ./conftest
configure:14637: $? = 0
configure:14639: result: Success
configure:14652: checking for libftdi highspeed device support
configure:14670: gcc -std=gnu99 -c -g -O2  conftest.c >&5
configure:14670: $? = 0
configure:14683: result: yes
configure:14691: checking for libftdi FT232H device support
configure:14709: gcc -std=gnu99 -c -g -O2  conftest.c >&5
conftest.c: In function 'main':
conftest.c:98:25: error: 'TYPE_232H' undeclared (first use in this function)
conftest.c:98:25: note: each undeclared identifier is reported only once for each function it appears in
configure:14709: $? = 1
configure: failed program was:
| /* confdefs.h */
| #define PACKAGE_NAME "openocd"
| #define PACKAGE_TARNAME "openocd"
| #define PACKAGE_VERSION "0.7.0"
| #define PACKAGE_STRING "openocd 0.7.0"
| #define PACKAGE_BUGREPORT "OpenOCD Mailing List <openocd-devel@lists.sourceforge.net>"
| #define PACKAGE_URL ""
| #define PACKAGE "openocd"
| #define VERSION "0.7.0"
| #define STDC_HEADERS 1
| #define HAVE_SYS_TYPES_H 1
| #define HAVE_SYS_STAT_H 1
| #define HAVE_STDLIB_H 1
| #define HAVE_STRING_H 1
| #define HAVE_MEMORY_H 1
| #define HAVE_STRINGS_H 1
| #define HAVE_INTTYPES_H 1
| #define HAVE_STDINT_H 1
| #define HAVE_UNISTD_H 1
| #define HAVE_DLFCN_H 1
| #define LT_OBJDIR ".libs/"
| #define HAVE_UNSIGNED_LONG_LONG_INT 1
| #define HAVE_LONG_LONG_INT 1
| #define HAVE_SYS_SOCKET_H 1
| #define HAVE_ARPA_INET_H 1
| #define HAVE_ELF_H 1
| #define HAVE_DIRENT_H 1
| #define HAVE_FCNTL_H 1
| #define HAVE_IFADDRS_H 1
| #define HAVE_MALLOC_H 1
| #define HAVE_NETDB_H 1
| #define HAVE_NETINET_IN_H 1
| #define HAVE_NETINET_TCP_H 1
| #define HAVE_PTHREAD_H 1
| #define HAVE_STRINGS_H 1
| #define HAVE_SYS_IOCTL_H 1
| #define HAVE_SYS_PARAM_H 1
| #define HAVE_SYS_POLL_H 1
| #define HAVE_SYS_SELECT_H 1
| #define HAVE_SYS_STAT_H 1
| #define HAVE_SYS_TIME_H 1
| #define HAVE_SYS_TYPES_H 1
| #define HAVE_UNISTD_H 1
| #define HAVE_NET_IF_H 1
| #define HAVE__BOOL 1
| #define HAVE_STDBOOL_H 1
| #define TIME_WITH_SYS_TIME 1
| #define HAVE_STRNDUP 1
| #define HAVE_STRNLEN 1
| #define HAVE_GETTIMEOFDAY 1
| #define HAVE_USLEEP 1
| #define HAVE_VASPRINTF 1
| #define IS_CYGWIN 0
| #define IS_WIN32 0
| #define IS_DARWIN 0
| #define BUILD_PARPORT 0
| #define BUILD_DUMMY 0
| #define BUILD_EP93XX 0
| #define BUILD_ZY1000 0
| #define BUILD_ZY1000_MASTER 0
| #define BUILD_AT91RM9200 0
| #define PARPORT_USE_PPDEV 1
| #define PARPORT_USE_GIVEIO 0
| #define BUILD_BITBANG 0
| #define BUILD_FT2232_LIBFTDI 1
| #define BUILD_FT2232_FTD2XX 0
| #define BUILD_FTDI 0
| #define BUILD_USB_BLASTER_LIBFTDI 0
| #define BUILD_USB_BLASTER_FTD2XX 0
| #define BUILD_AMTJTAGACCEL 0
| #define BUILD_GW16012 0
| #define BUILD_PRESTO_LIBFTDI 0
| #define BUILD_PRESTO_FTD2XX 0
| #define BUILD_BITQ 0
| #define BUILD_USBPROG 0
| #define BUILD_OOCD_TRACE 0
| #define BUILD_JLINK 1
| #define BUILD_VSLLINK 0
| #define BUILD_RLINK 0
| #define BUILD_ULINK 0
| #define BUILD_ARMJTAGEW 0
| #define BUILD_BUSPIRATE 0
| #define BUILD_HLADAPTER 0
| #define BUILD_OSBDM 0
| #define BUILD_OPENDOUS 0
| #define BUILD_REMOTE_BITBANG 0
| #define BUILD_SYSFSGPIO 0
| #define BUILD_FT2232_HIGHSPEED 1
| /* end confdefs.h.  */
| 
| #include <stdio.h>
| #include <ftdi.h>
| 
| int
| main ()
| {
| 
| enum ftdi_chip_type x = TYPE_232H;
| 
|   ;
|   return 0;
| }
configure:14722: result: no
configure:14726: WARNING: You need a newer libftdi version (0.20 or later).
configure:14756: checking libusb-1.0/libusb.h usability
configure:14756: gcc -std=gnu99 -c -g -O2  conftest.c >&5
configure:14756: $? = 0
configure:14756: result: yes
configure:14756: checking libusb-1.0/libusb.h presence
configure:14756: gcc -std=gnu99 -E  conftest.c
configure:14756: $? = 0
configure:14756: result: yes
configure:14756: checking for libusb-1.0/libusb.h
configure:14756: result: yes
configure:15142: checking for environ in unistd.h and stdlib.h
configure:15160: gcc -std=gnu99 -c -g -O2  conftest.c >&5
configure:15160: $? = 0
configure:15162: result: yes
configure:15237: checking for a C compiler for build tools
configure:15288: result: gcc -std=gnu99
configure:15293: checking for suffix of executable build tools
configure:15322: result: 
configure:15437: checking that generated files are newer than configure
configure:15443: result: done
configure:15647: creating ./config.status

## ---------------------- ##
## Running config.status. ##
## ---------------------- ##

This file was extended by openocd config.status 0.7.0, which was
generated by GNU Autoconf 2.69.  Invocation command line was

  CONFIG_FILES    = 
  CONFIG_HEADERS  = 
  CONFIG_LINKS    = 
  CONFIG_COMMANDS = 
  $ ./config.status 

on cthulhu

config.status:1263: creating Makefile
config.status:1263: creating src/Makefile
config.status:1263: creating src/helper/Makefile
config.status:1263: creating src/jtag/Makefile
config.status:1263: creating src/jtag/drivers/Makefile
config.status:1263: creating src/jtag/hla/Makefile
config.status:1263: creating src/transport/Makefile
config.status:1263: creating src/xsvf/Makefile
config.status:1263: creating src/svf/Makefile
config.status:1263: creating src/target/Makefile
config.status:1263: creating src/rtos/Makefile
config.status:1263: creating src/server/Makefile
config.status:1263: creating src/flash/Makefile
config.status:1263: creating src/flash/nor/Makefile
config.status:1263: creating src/flash/nand/Makefile
config.status:1263: creating src/pld/Makefile
config.status:1263: creating doc/Makefile
config.status:1263: creating config.h
config.status:1492: executing depfiles commands
config.status:1492: executing libtool commands
configure:17953: === configuring in jimtcl (/home/denis/Projects/regiboard/src/utils/openocd-0.7.0/jimtcl)
configure:18016: running /bin/bash ./configure.gnu --disable-option-checking '--prefix=/usr/local'  '--enable-jlink' '--enable-ft2232_libftdi' --cache-file=/dev/null --srcdir=.

## ---------------- ##
## Cache variables. ##
## ---------------- ##

ac_cv_build=x86_64-unknown-linux-gnu
ac_cv_c_bigendian=no
ac_cv_c_compiler_gnu=yes
ac_cv_c_const=yes
ac_cv_env_CC_set=
ac_cv_env_CC_value=
ac_cv_env_CFLAGS_set=
ac_cv_env_CFLAGS_value=
ac_cv_env_CPPFLAGS_set=
ac_cv_env_CPPFLAGS_value=
ac_cv_env_CPP_set=
ac_cv_env_CPP_value=
ac_cv_env_LDFLAGS_set=
ac_cv_env_LDFLAGS_value=
ac_cv_env_LIBS_set=
ac_cv_env_LIBS_value=
ac_cv_env_build_alias_set=
ac_cv_env_build_alias_value=
ac_cv_env_host_alias_set=
ac_cv_env_host_alias_value=
ac_cv_env_target_alias_set=
ac_cv_env_target_alias_value=
ac_cv_func_gettimeofday=yes
ac_cv_func_strndup=yes
ac_cv_func_strnlen=yes
ac_cv_func_usleep=yes
ac_cv_func_vasprintf=yes
ac_cv_header_arpa_inet_h=yes
ac_cv_header_dirent_h=yes
ac_cv_header_dlfcn_h=yes
ac_cv_header_elf_h=yes
ac_cv_header_fcntl_h=yes
ac_cv_header_ifaddrs_h=yes
ac_cv_header_inttypes_h=yes
ac_cv_header_libusb_1_0_libusb_h=yes
ac_cv_header_malloc_h=yes
ac_cv_header_memory_h=yes
ac_cv_header_net_if_h=yes
ac_cv_header_netdb_h=yes
ac_cv_header_netinet_in_h=yes
ac_cv_header_netinet_tcp_h=yes
ac_cv_header_pthread_h=yes
ac_cv_header_stdbool_h=yes
ac_cv_header_stdc=yes
ac_cv_header_stdint_h=yes
ac_cv_header_stdlib_h=yes
ac_cv_header_string_h=yes
ac_cv_header_strings_h=yes
ac_cv_header_sys_ioctl_h=yes
ac_cv_header_sys_param_h=yes
ac_cv_header_sys_poll_h=yes
ac_cv_header_sys_select_h=yes
ac_cv_header_sys_socket_h=yes
ac_cv_header_sys_stat_h=yes
ac_cv_header_sys_time_h=yes
ac_cv_header_sys_types_h=yes
ac_cv_header_time=yes
ac_cv_header_unistd_h=yes
ac_cv_host=x86_64-unknown-linux-gnu
ac_cv_objext=o
ac_cv_path_EGREP='/bin/grep -E'
ac_cv_path_FGREP='/bin/grep -F'
ac_cv_path_GREP=/bin/grep
ac_cv_path_SED=/bin/sed
ac_cv_path_install='/usr/bin/install -c'
ac_cv_path_mkdir=/bin/mkdir
ac_cv_prog_AWK=gawk
ac_cv_prog_CPP='gcc -std=gnu99 -E'
ac_cv_prog_ac_ct_AR=ar
ac_cv_prog_ac_ct_CC=gcc
ac_cv_prog_ac_ct_MANIFEST_TOOL=mt
ac_cv_prog_ac_ct_OBJDUMP=objdump
ac_cv_prog_ac_ct_RANLIB=ranlib
ac_cv_prog_ac_ct_STRIP=strip
ac_cv_prog_cc_c89=
ac_cv_prog_cc_c99=-std=gnu99
ac_cv_prog_cc_g=yes
ac_cv_prog_cc_gcc_c_o=yes
ac_cv_prog_make_make_set=yes
ac_cv_search_dlopen=-ldl
ac_cv_search_ioperm='none required'
ac_cv_type__Bool=yes
ac_cv_type_long_long_int=yes
ac_cv_type_unsigned_long_long_int=yes
am_cv_CC_dependencies_compiler_type=gcc3
am_cv_make_support_nested_variables=yes
lt_cv_ar_at_file=@
lt_cv_deplibs_check_method=pass_all
lt_cv_file_magic_cmd='$MAGIC_CMD'
lt_cv_file_magic_test_file=
lt_cv_ld_reload_flag=-r
lt_cv_nm_interface='BSD nm'
lt_cv_objdir=.libs
lt_cv_path_LD=/usr/bin/ld
lt_cv_path_NM='/usr/bin/nm -B'
lt_cv_path_mainfest_tool=no
lt_cv_prog_compiler_c_o=yes
lt_cv_prog_compiler_pic='-fPIC -DPIC'
lt_cv_prog_compiler_pic_works=yes
lt_cv_prog_compiler_rtti_exceptions=no
lt_cv_prog_compiler_static_works=yes
lt_cv_prog_gnu_ld=yes
lt_cv_sharedlib_from_linklib_cmd='printf %s\n'
lt_cv_shlibpath_overrides_runpath=no
lt_cv_sys_global_symbol_pipe='sed -n -e '\''s/^.*[	 ]\([ABCDGIRSTW][ABCDGIRSTW]*\)[	 ][	 ]*\([_A-Za-z][_A-Za-z0-9]*\)$/\1 \2 \2/p'\'' | sed '\''/ __gnu_lto/d'\'''
lt_cv_sys_global_symbol_to_c_name_address='sed -n -e '\''s/^: \([^ ]*\)[ ]*$/  {\"\1\", (void *) 0},/p'\'' -e '\''s/^[ABCDGIRSTW]* \([^ ]*\) \([^ ]*\)$/  {"\2", (void *) \&\2},/p'\'''
lt_cv_sys_global_symbol_to_c_name_address_lib_prefix='sed -n -e '\''s/^: \([^ ]*\)[ ]*$/  {\"\1\", (void *) 0},/p'\'' -e '\''s/^[ABCDGIRSTW]* \([^ ]*\) \(lib[^ ]*\)$/  {"\2", (void *) \&\2},/p'\'' -e '\''s/^[ABCDGIRSTW]* \([^ ]*\) \([^ ]*\)$/  {"lib\2", (void *) \&\2},/p'\'''
lt_cv_sys_global_symbol_to_cdecl='sed -n -e '\''s/^T .* \(.*\)$/extern int \1();/p'\'' -e '\''s/^[ABCDGIRSTW]* .* \(.*\)$/extern char \1;/p'\'''
lt_cv_sys_max_cmd_len=1572864
lt_cv_to_host_file_cmd=func_convert_file_noop
lt_cv_to_tool_file_cmd=func_convert_file_noop

## ----------------- ##
## Output variables. ##
## ----------------- ##

ACLOCAL='${SHELL} /home/denis/Projects/regiboard/src/utils/openocd-0.7.0/missing aclocal-1.13'
AMDEPBACKSLASH='\'
AMDEP_FALSE='#'
AMDEP_TRUE=''
AMTAR='$${TAR-tar}'
AMTJTAGACCEL_FALSE=''
AMTJTAGACCEL_TRUE='#'
AM_BACKSLASH='\'
AM_DEFAULT_V='$(AM_DEFAULT_VERBOSITY)'
AM_DEFAULT_VERBOSITY='1'
AM_V='$(V)'
AR='ar'
ARMJTAGEW_FALSE=''
ARMJTAGEW_TRUE='#'
AT91RM9200_FALSE=''
AT91RM9200_TRUE='#'
AUTOCONF='${SHELL} /home/denis/Projects/regiboard/src/utils/openocd-0.7.0/missing autoconf'
AUTOHEADER='${SHELL} /home/denis/Projects/regiboard/src/utils/openocd-0.7.0/missing autoheader'
AUTOMAKE='${SHELL} /home/denis/Projects/regiboard/src/utils/openocd-0.7.0/missing automake-1.13'
AWK='gawk'
BITBANG_FALSE=''
BITBANG_TRUE='#'
BITQ_FALSE=''
BITQ_TRUE='#'
BUSPIRATE_FALSE=''
BUSPIRATE_TRUE='#'
CC='gcc -std=gnu99'
CCDEPMODE='depmode=gcc3'
CC_FOR_BUILD='gcc -std=gnu99'
CFLAGS='-g -O2 -Wall -Wstrict-prototypes -Wformat-security -Wshadow -Wextra -Wno-unused-parameter -Wbad-function-cast -Wcast-align -Wredundant-decls -Werror'
CFLAGS_FOR_BUILD='-g -O2 -Wall -Wstrict-prototypes -Wformat-security -Wshadow -Wextra -Wno-unused-parameter -Wbad-function-cast -Wcast-align -Wredundant-decls -Werror'
CPP='gcc -std=gnu99 -E'
CPPFLAGS=''
CYGPATH_W='echo'
DEFS='-DHAVE_CONFIG_H'
DEPDIR='.deps'
DLLTOOL='false'
DSYMUTIL=''
DUMMY_FALSE=''
DUMMY_TRUE='#'
DUMPBIN=''
ECHO_C=''
ECHO_N='-n'
ECHO_T=''
EGREP='/bin/grep -E'
EP93XX_FALSE=''
EP93XX_TRUE='#'
EXEEXT=''
EXEEXT_FOR_BUILD=''
FGREP='/bin/grep -F'
FT2232_DRIVER_FALSE='#'
FT2232_DRIVER_TRUE=''
FT2232_LIBFTDI_FALSE='#'
FT2232_LIBFTDI_TRUE=''
FTDI_DRIVER_FALSE=''
FTDI_DRIVER_TRUE='#'
GIVEIO_FALSE=''
GIVEIO_TRUE='#'
GREP='/bin/grep'
GW16012_FALSE=''
GW16012_TRUE='#'
HLADAPTER_FALSE=''
HLADAPTER_TRUE='#'
INSTALL_DATA='${INSTALL} -m 644'
INSTALL_PROGRAM='${INSTALL}'
INSTALL_SCRIPT='${INSTALL}'
INSTALL_STRIP_PROGRAM='$(install_sh) -c -s'
INTERNAL_JIMTCL_FALSE='#'
INTERNAL_JIMTCL_TRUE=''
IOUTIL_FALSE=''
IOUTIL_TRUE='#'
IS_CYGWIN_FALSE=''
IS_CYGWIN_TRUE='#'
IS_DARWIN_FALSE=''
IS_DARWIN_TRUE='#'
IS_MINGW_FALSE=''
IS_MINGW_TRUE='#'
IS_WIN32_FALSE=''
IS_WIN32_TRUE='#'
JLINK_FALSE='#'
JLINK_TRUE=''
LD='/usr/bin/ld -m elf_x86_64'
LDFLAGS=''
LIBOBJS=''
LIBS='-ldl  -lftdi -lusb'
LIBTOOL='$(SHELL) $(top_builddir)/libtool'
LIBTOOL_DEPS='./ltmain.sh'
LIPO=''
LN_S='ln -s'
LTLIBOBJS=''
MAINT='#'
MAINTAINER_MODE_FALSE=''
MAINTAINER_MODE_TRUE='#'
MAKEINFO='${SHELL} /home/denis/Projects/regiboard/src/utils/openocd-0.7.0/missing makeinfo'
MANIFEST_TOOL=':'
MINIDRIVER_DUMMY_FALSE=''
MINIDRIVER_DUMMY_TRUE='#'
MINIDRIVER_FALSE=''
MINIDRIVER_TRUE='#'
MKDIR_P='/bin/mkdir -p'
NM='/usr/bin/nm -B'
NMEDIT=''
OBJDUMP='objdump'
OBJEXT='o'
OOCD_TRACE_FALSE=''
OOCD_TRACE_TRUE='#'
OPENDOUS_FALSE=''
OPENDOUS_TRUE='#'
OSBDM_FALSE=''
OSBDM_TRUE='#'
OTOOL64=''
OTOOL=''
PACKAGE='openocd'
PACKAGE_BUGREPORT='OpenOCD Mailing List <openocd-devel@lists.sourceforge.net>'
PACKAGE_NAME='openocd'
PACKAGE_STRING='openocd 0.7.0'
PACKAGE_TARNAME='openocd'
PACKAGE_URL=''
PACKAGE_VERSION='0.7.0'
PARPORT_FALSE=''
PARPORT_TRUE='#'
PATH_SEPARATOR=':'
PRESTO_DRIVER_FALSE=''
PRESTO_DRIVER_TRUE='#'
PRESTO_LIBFTDI_FALSE=''
PRESTO_LIBFTDI_TRUE='#'
RANLIB='ranlib'
RELEASE_FALSE='#'
RELEASE_TRUE=''
REMOTE_BITBANG_FALSE=''
REMOTE_BITBANG_TRUE='#'
RLINK_FALSE=''
RLINK_TRUE='#'
SED='/bin/sed'
SET_MAKE=''
SHELL='/bin/bash'
STRIP='strip'
SYSFSGPIO_FALSE=''
SYSFSGPIO_TRUE='#'
ULINK_FALSE=''
ULINK_TRUE='#'
USBPROG_FALSE=''
USBPROG_TRUE='#'
USB_BLASTER_DRIVER_FALSE=''
USB_BLASTER_DRIVER_TRUE='#'
USB_BLASTER_LIBFTDI_FALSE=''
USB_BLASTER_LIBFTDI_TRUE='#'
USB_FALSE=''
USB_NG_FALSE='#'
USB_NG_TRUE=''
USB_TRUE='#'
USE_LIBUSB0_FALSE=''
USE_LIBUSB0_TRUE='#'
USE_LIBUSB1_FALSE='#'
USE_LIBUSB1_TRUE=''
VERSION='0.7.0'
VSLLINK_FALSE=''
VSLLINK_TRUE='#'
ZY1000_FALSE=''
ZY1000_MASTER_FALSE=''
ZY1000_MASTER_TRUE='#'
ZY1000_TRUE='#'
ac_ct_AR='ar'
ac_ct_CC='gcc'
ac_ct_DUMPBIN=''
am__EXEEXT_FALSE=''
am__EXEEXT_TRUE='#'
am__fastdepCC_FALSE='#'
am__fastdepCC_TRUE=''
am__include='include'
am__isrc=''
am__leading_dot='.'
am__nodep='_no'
am__quote=''
am__tar='$${TAR-tar} chof - "$$tardir"'
am__untar='$${TAR-tar} xf -'
bindir='${exec_prefix}/bin'
build='x86_64-unknown-linux-gnu'
build_alias=''
build_cpu='x86_64'
build_os='linux-gnu'
build_vendor='unknown'
datadir='${datarootdir}'
datarootdir='${prefix}/share'
docdir='${datarootdir}/doc/${PACKAGE_TARNAME}'
doxygen_as_html='yes'
doxygen_as_pdf='no'
dvidir='${docdir}'
exec_prefix='${prefix}'
host='x86_64-unknown-linux-gnu'
host_alias=''
host_cpu='x86_64'
host_os='linux-gnu'
host_vendor='unknown'
htmldir='${docdir}'
includedir='${prefix}/include'
infodir='${datarootdir}/info'
install_sh='${SHELL} /home/denis/Projects/regiboard/src/utils/openocd-0.7.0/install-sh'
libdir='${exec_prefix}/lib'
libexecdir='${exec_prefix}/libexec'
localedir='${datarootdir}/locale'
localstatedir='${prefix}/var'
mandir='${datarootdir}/man'
mkdir_p='$(MKDIR_P)'
oldincludedir='/usr/include'
pdfdir='${docdir}'
prefix='/usr/local'
program_transform_name='s,x,x,'
psdir='${docdir}'
sbindir='${exec_prefix}/sbin'
sharedstatedir='${prefix}/com'
subdirs=' jimtcl'
sysconfdir='${prefix}/etc'
target_alias=''

## ----------- ##
## confdefs.h. ##
## ----------- ##

/* confdefs.h */
#define PACKAGE_NAME "openocd"
#define PACKAGE_TARNAME "openocd"
#define PACKAGE_VERSION "0.7.0"
#define PACKAGE_STRING "openocd 0.7.0"
#define PACKAGE_BUGREPORT "OpenOCD Mailing List <openocd-devel@lists.sourceforge.net>"
#define PACKAGE_URL ""
#define PACKAGE "openocd"
#define VERSION "0.7.0"
#define STDC_HEADERS 1
#define HAVE_SYS_TYPES_H 1
#define HAVE_SYS_STAT_H 1
#define HAVE_STDLIB_H 1
#define HAVE_STRING_H 1
#define HAVE_MEMORY_H 1
#define HAVE_STRINGS_H 1
#define HAVE_INTTYPES_H 1
#define HAVE_STDINT_H 1
#define HAVE_UNISTD_H 1
#define HAVE_DLFCN_H 1
#define LT_OBJDIR ".libs/"
#define HAVE_UNSIGNED_LONG_LONG_INT 1
#define HAVE_LONG_LONG_INT 1
#define HAVE_SYS_SOCKET_H 1
#define HAVE_ARPA_INET_H 1
#define HAVE_ELF_H 1
#define HAVE_DIRENT_H 1
#define HAVE_FCNTL_H 1
#define HAVE_IFADDRS_H 1
#define HAVE_MALLOC_H 1
#define HAVE_NETDB_H 1
#define HAVE_NETINET_IN_H 1
#define HAVE_NETINET_TCP_H 1
#define HAVE_PTHREAD_H 1
#define HAVE_STRINGS_H 1
#define HAVE_SYS_IOCTL_H 1
#define HAVE_SYS_PARAM_H 1
#define HAVE_SYS_POLL_H 1
#define HAVE_SYS_SELECT_H 1
#define HAVE_SYS_STAT_H 1
#define HAVE_SYS_TIME_H 1
#define HAVE_SYS_TYPES_H 1
#define HAVE_UNISTD_H 1
#define HAVE_NET_IF_H 1
#define HAVE__BOOL 1
#define HAVE_STDBOOL_H 1
#define TIME_WITH_SYS_TIME 1
#define HAVE_STRNDUP 1
#define HAVE_STRNLEN 1
#define HAVE_GETTIMEOFDAY 1
#define HAVE_USLEEP 1
#define HAVE_VASPRINTF 1
#define IS_CYGWIN 0
#define IS_WIN32 0
#define IS_DARWIN 0
#define BUILD_PARPORT 0
#define BUILD_DUMMY 0
#define BUILD_EP93XX 0
#define BUILD_ZY1000 0
#define BUILD_ZY1000_MASTER 0
#define BUILD_AT91RM9200 0
#define PARPORT_USE_PPDEV 1
#define PARPORT_USE_GIVEIO 0
#define BUILD_BITBANG 0
#define BUILD_FT2232_LIBFTDI 1
#define BUILD_FT2232_FTD2XX 0
#define BUILD_FTDI 0
#define BUILD_USB_BLASTER_LIBFTDI 0
#define BUILD_USB_BLASTER_FTD2XX 0
#define BUILD_AMTJTAGACCEL 0
#define BUILD_GW16012 0
#define BUILD_PRESTO_LIBFTDI 0
#define BUILD_PRESTO_FTD2XX 0
#define BUILD_BITQ 0
#define BUILD_USBPROG 0
#define BUILD_OOCD_TRACE 0
#define BUILD_JLINK 1
#define BUILD_VSLLINK 0
#define BUILD_RLINK 0
#define BUILD_ULINK 0
#define BUILD_ARMJTAGEW 0
#define BUILD_BUSPIRATE 0
#define BUILD_HLADAPTER 0
#define BUILD_OSBDM 0
#define BUILD_OPENDOUS 0
#define BUILD_REMOTE_BITBANG 0
#define BUILD_SYSFSGPIO 0
#define BUILD_FT2232_HIGHSPEED 1
#define HAVE_LIBUSB1 1
#define _GNU_SOURCE 1

configure: exit 0
